<?xml version="1.0" encoding="UTF-8"?>
<testsuite xmlns:xsi="http://www.w3.org/2001/XMLSchema-instance" xsi:noNamespaceSchemaLocation="https://maven.apache.org/surefire/maven-surefire-plugin/xsd/surefire-test-report.xsd" name="org.calexis.junit5app.CuentaTest" time="11.199" tests="3" errors="0" skipped="0" failures="0">
  <properties>
[...]
</properties>
  <testcase name="pruebaTimeout2" classname="org.calexis.junit5app.CuentaTest$EjemploTimeoutTest" time="6.053"/>
  <testcase name="pruebaTimeout" classname="org.calexis.junit5app.CuentaTest$EjemploTimeoutTest" time="4.009"/>
  <testcase name="testTimeOutAssertions" classname="org.calexis.junit5app.CuentaTest$EjemploTimeoutTest" time="1.113"/>
</testsuite>